<?xml version="1.0" encoding="UTF-8"?>
<testsuite name="homework.CustomerTest" tests="4" skipped="0" failures="0" errors="0" timestamp="2021-04-28T17:30:19" hostname="MacBook-Pro-Vladimir.local" time="0.106">
  <properties/>
  <testcase name="Объект Customer как ключ в карте" classname="homework.CustomerTest" time="0.088"/>
  <testcase name="Модификация коллекции" classname="homework.CustomerTest" time="0.003"/>
  <testcase name="Сортировка по полю score, итерация по возрастанию" classname="homework.CustomerTest" time="0.002"/>
  <testcase name="Возвращание в обратном порядке" classname="homework.CustomerTest" time="0.01"/>
  <system-out><![CDATA[]]></system-out>
  <system-err><![CDATA[]]></system-err>
</testsuite>
